<?xml version="1.0" encoding="UTF-8"?>
<!-- Generated by org.testng.reporters.JUnitReportReporter -->
<testsuite hostname="LAPTOP-LPLG04JV" name="TestBasics" tests="1" failures="0" timestamp="22 Mar 2021 02:32:31 GMT" time="8.490" errors="0">
  <testcase name="verifyTitle" time="8.490" classname="TestBasics"/>
</testsuite> <!-- TestBasics -->
